<?xml version="1.0" encoding="UTF-8"?>
<testsuites>
  <testsuite name="fastlane.lanes">
    
    
    
      
      <testcase classname="fastlane.lanes" name="0: default_platform" time="0.0020514">
        
      </testcase>
    
      
      <testcase classname="fastlane.lanes" name="1: assembledebug" time="2.4523704">
        
          <failure message="C:/Ruby33-x64/lib/ruby/gems/3.3.0/gems/fastlane-2.220.0/fastlane/lib/fastlane/actions/actions_helper.rb:67:in `execute_action&apos;&#10;C:/Ruby33-x64/lib/ruby/gems/3.3.0/gems/fastlane-2.220.0/fastlane/lib/fastlane/runner.rb:255:in `block in execute_action&apos;&#10;C:/Ruby33-x64/lib/ruby/gems/3.3.0/gems/fastlane-2.220.0/fastlane/lib/fastlane/runner.rb:229:in `chdir&apos;&#10;C:/Ruby33-x64/lib/ruby/gems/3.3.0/gems/fastlane-2.220.0/fastlane/lib/fastlane/runner.rb:229:in `execute_action&apos;&#10;C:/Ruby33-x64/lib/ruby/gems/3.3.0/gems/fastlane-2.220.0/fastlane/lib/fastlane/runner.rb:157:in `trigger_action_by_name&apos;&#10;C:/Ruby33-x64/lib/ruby/gems/3.3.0/gems/fastlane-2.220.0/fastlane/lib/fastlane/fast_file.rb:159:in `method_missing&apos;&#10;Fastfile:26:in `block (2 levels) in parsing_binding&apos;&#10;C:/Ruby33-x64/lib/ruby/gems/3.3.0/gems/fastlane-2.220.0/fastlane/lib/fastlane/lane.rb:41:in `call&apos;&#10;C:/Ruby33-x64/lib/ruby/gems/3.3.0/gems/fastlane-2.220.0/fastlane/lib/fastlane/runner.rb:49:in `block in execute&apos;&#10;C:/Ruby33-x64/lib/ruby/gems/3.3.0/gems/fastlane-2.220.0/fastlane/lib/fastlane/runner.rb:45:in `chdir&apos;&#10;C:/Ruby33-x64/lib/ruby/gems/3.3.0/gems/fastlane-2.220.0/fastlane/lib/fastlane/runner.rb:45:in `execute&apos;&#10;C:/Ruby33-x64/lib/ruby/gems/3.3.0/gems/fastlane-2.220.0/fastlane/lib/fastlane/lane_manager.rb:46:in `cruise_lane&apos;&#10;C:/Ruby33-x64/lib/ruby/gems/3.3.0/gems/fastlane-2.220.0/fastlane/lib/fastlane/command_line_handler.rb:34:in `handle&apos;&#10;C:/Ruby33-x64/lib/ruby/gems/3.3.0/gems/fastlane-2.220.0/fastlane/lib/fastlane/commands_generator.rb:110:in `block (2 levels) in run&apos;&#10;C:/Ruby33-x64/lib/ruby/gems/3.3.0/gems/commander-4.6.0/lib/commander/command.rb:187:in `call&apos;&#10;C:/Ruby33-x64/lib/ruby/gems/3.3.0/gems/commander-4.6.0/lib/commander/command.rb:157:in `run&apos;&#10;C:/Ruby33-x64/lib/ruby/gems/3.3.0/gems/commander-4.6.0/lib/commander/runner.rb:444:in `run_active_command&apos;&#10;C:/Ruby33-x64/lib/ruby/gems/3.3.0/gems/fastlane-2.220.0/fastlane_core/lib/fastlane_core/ui/fastlane_runner.rb:124:in `run!&apos;&#10;C:/Ruby33-x64/lib/ruby/gems/3.3.0/gems/commander-4.6.0/lib/commander/delegates.rb:18:in `run!&apos;&#10;C:/Ruby33-x64/lib/ruby/gems/3.3.0/gems/fastlane-2.220.0/fastlane/lib/fastlane/commands_generator.rb:363:in `run&apos;&#10;C:/Ruby33-x64/lib/ruby/gems/3.3.0/gems/fastlane-2.220.0/fastlane/lib/fastlane/commands_generator.rb:43:in `start&apos;&#10;C:/Ruby33-x64/lib/ruby/gems/3.3.0/gems/fastlane-2.220.0/fastlane/lib/fastlane/cli_tools_distributor.rb:123:in `take_off&apos;&#10;C:/Ruby33-x64/lib/ruby/gems/3.3.0/gems/fastlane-2.220.0/bin/fastlane:23:in `&lt;top (required)&gt;&apos;&#10;C:/Ruby33-x64/bin/fastlane:32:in `load&apos;&#10;C:/Ruby33-x64/bin/fastlane:32:in `&lt;main&gt;&apos;&#10;&#10;Exit status of command &apos;D:/AndroidStudio/android2/gradlew assembledebug -p .&apos; was 1 instead of 0.&#10;&#10;FAILURE: Build failed with an exception.&#10;&#10;* What went wrong:&#10;A problem occurred configuring root project &apos;IT CRON&apos;.&#10;&gt; Could not resolve all files for configuration &apos;:classpath&apos;.&#10;   &gt; Could not resolve com.android.tools.build:gradle:8.4.0.&#10;     Required by:&#10;         project : &gt; com.android.application:com.android.application.gradle.plugin:8.4.0&#10;      &gt; No matching variant of com.android.tools.build:gradle:8.4.0 was found. The consumer was configured to find a library for use during runtime, compatible with Java 8, packaged as a jar, and its dependencies declared externally, as well as attribute &apos;org.gradle.plugin.api-version&apos; with value &apos;8.6&apos; but:&#10;          - Variant &apos;apiElements&apos; capability com.android.tools.build:gradle:8.4.0 declares a library, packaged as a jar, and its dependencies declared externally:&#10;              - Incompatible because this component declares a component for use during compile-time, compatible with Java 11 and the consumer needed a component for use during runtime, compatible with Java 8&#10;              - Other compatible attribute:&#10;                  - Doesn&apos;t say anything about org.gradle.plugin.api-version (required &apos;8.6&apos;)&#10;          - Variant &apos;javadocElements&apos; capability com.android.tools.build:gradle:8.4.0 declares a component for use during runtime, and its dependencies declared externally:&#10;              - Incompatible because this component declares documentation and the consumer needed a library&#10;              - Other compatible attributes:&#10;                  - Doesn&apos;t say anything about its target Java version (required compatibility with Java 8)&#10;                  - Doesn&apos;t say anything about its elements (required them packaged as a jar)&#10;                  - Doesn&apos;t say anything about org.gradle.plugin.api-version (required &apos;8.6&apos;)&#10;          - Variant &apos;runtimeElements&apos; capability com.android.tools.build:gradle:8.4.0 declares a library for use during runtime, packaged as a jar, and its dependencies declared externally:&#10;              - Incompatible because this component declares a component, compatible with Java 11 and the consumer needed a component, compatible with Java 8&#10;              - Other compatible attribute:&#10;                  - Doesn&apos;t say anything about org.gradle.plugin.api-version (required &apos;8.6&apos;)&#10;          - Variant &apos;sourcesElements&apos; capability com.android.tools.build:gradle:8.4.0 declares a component for use during runtime, and its dependencies declared externally:&#10;              - Incompatible because this component declares documentation and the consumer needed a library&#10;              - Other compatible attributes:&#10;                  - Doesn&apos;t say anything about its target Java version (required compatibility with Java 8)&#10;                  - Doesn&apos;t say anything about its elements (required them packaged as a jar)&#10;                  - Doesn&apos;t say anything about org.gradle.plugin.api-version (required &apos;8.6&apos;)&#10;   &gt; Could not resolve com.google.gms:google-services:4.4.2.&#10;     Required by:&#10;         project : &gt; com.google.gms.google-services:com.google.gms.google-services.gradle.plugin:4.4.2&#10;      &gt; No matching variant of com.google.gms:google-services:4.4.2 was found. The consumer was configured to find a library for use during runtime, compatible with Java 8, packaged as a jar, and its dependencies declared externally, as well as attribute &apos;org.gradle.plugin.api-version&apos; with value &apos;8.6&apos; but:&#10;          - Variant &apos;apiElements&apos; capability com.google.gms:google-services:4.4.2 declares a library, packaged as a jar, and its dependencies declared externally:&#10;              - Incompatible because this component declares a component for use during compile-time, compatible with Java 11 and the consumer needed a component for use during runtime, compatible with Java 8&#10;              - Other compatible attribute:&#10;                  - Doesn&apos;t say anything about org.gradle.plugin.api-version (required &apos;8.6&apos;)&#10;          - Variant &apos;javadocElements&apos; capability com.google.gms:google-services:4.4.2 declares a component for use during runtime, and its dependencies declared externally:&#10;              - Incompatible because this component declares documentation and the consumer needed a library&#10;              - Other compatible attributes:&#10;                  - Doesn&apos;t say anything about its target Java version (required compatibility with Java 8)&#10;                  - Doesn&apos;t say anything about its elements (required them packaged as a jar)&#10;                  - Doesn&apos;t say anything about org.gradle.plugin.api-version (required &apos;8.6&apos;)&#10;          - Variant &apos;runtimeElements&apos; capability com.google.gms:google-services:4.4.2 declares a library for use during runtime, packaged as a jar, and its dependencies declared externally:&#10;              - Incompatible because this component declares a component, compatible with Java 11 and the consumer needed a component, compatible with Java 8&#10;              - Other compatible attribute:&#10;                  - Doesn&apos;t say anything about org.gradle.plugin.api-version (required &apos;8.6&apos;)&#10;          - Variant &apos;sourcesElements&apos; capability com.google.gms:google-services:4.4.2 declares a component for use during runtime, and its dependencies declared externally:&#10;              - Incompatible because this component declares documentation and the consumer needed a library&#10;              - Other compatible attributes:&#10;                  - Doesn&apos;t say anything about its target Java version (required compatibility with Java 8)&#10;                  - Doesn&apos;t say anything about its elements (required them packaged as a jar)&#10;                  - Doesn&apos;t say anything about org.gradle.plugin.api-version (required &apos;8.6&apos;)&#10;   &gt; Could not resolve com.google.firebase:firebase-crashlytics-gradle:3.0.1.&#10;     Required by:&#10;         project : &gt; com.google.firebase.crashlytics:com.google.firebase.crashlytics.gradle.plugin:3.0.1&#10;      &gt; No matching variant of com.google.firebase:firebase-crashlytics-gradle:3.0.1 was found. The consumer was configured to find a library for use during runtime, compatible with Java 8, packaged as a jar, and its dependencies declared externally, as well as attribute &apos;org.gradle.plugin.api-version&apos; with value &apos;8.6&apos; but:&#10;          - Variant &apos;apiElements&apos; capability com.google.firebase:firebase-crashlytics-gradle:3.0.1 declares a library, packaged as a jar, and its dependencies declared externally:&#10;              - Incompatible because this component declares a component for use during compile-time, compatible with Java 17 and the consumer needed a component for use during runtime, compatible with Java 8&#10;              - Other compatible attribute:&#10;                  - Doesn&apos;t say anything about org.gradle.plugin.api-version (required &apos;8.6&apos;)&#10;          - Variant &apos;runtimeElements&apos; capability com.google.firebase:firebase-crashlytics-gradle:3.0.1 declares a library for use during runtime, packaged as a jar, and its dependencies declared externally:&#10;              - Incompatible because this component declares a component, compatible with Java 17 and the consumer needed a component, compatible with Java 8&#10;              - Other compatible attribute:&#10;                  - Doesn&apos;t say anything about org.gradle.plugin.api-version (required &apos;8.6&apos;)&#10;&#10;* Try:&#10;&gt; Review the variant matching algorithm at https://docs.gradle.org/8.6/userguide/variant_attributes.html#sec:abm_algorithm.&#10;&gt; No matching variant errors are explained in more detail at https://docs.gradle.org/8.6/userguide/variant_model.html#sub:variant-no-match.&#10;&gt; Run with --stacktrace option to get the stack trace.&#10;&gt; Run with --info or --debug option to get more log output.&#10;&gt; Run with --scan to get full insights.&#10;&gt; Get more help at https://help.gradle.org.&#10;&#10;BUILD FAILED in 1s&#10;" />
        
      </testcase>
    
  </testsuite>
</testsuites>
